<?xml version="1.0" encoding="UTF-8"?>
<testsuite name="TestSuite" time="0.015" tests="4" errors="0" skipped="0" failures="0">
  <properties>
    <property name="java.runtime.name" value="Java(TM) SE Runtime Environment"/>
    <property name="java.vm.version" value="21+35-LTS-2513"/>
    <property name="sun.boot.library.path" value="C:\Program Files\Java\jdk-21\bin"/>
    <property name="browser" value="firefox"/>
    <property name="url" value="http://testenv.com"/>
    <property name="maven.multiModuleProjectDirectory" value="F:\Eclipse\SeleniumProject"/>
    <property name="java.vm.vendor" value="Oracle Corporation"/>
    <property name="java.vendor.url" value="https://java.oracle.com/"/>
    <property name="guice.disable.misplaced.annotation.check" value="true"/>
    <property name="path.separator" value=";"/>
    <property name="java.vm.name" value="Java HotSpot(TM) 64-Bit Server VM"/>
    <property name="sun.os.patch.level" value=""/>
    <property name="user.script" value=""/>
    <property name="user.country" value="IN"/>
    <property name="sun.java.launcher" value="SUN_STANDARD"/>
    <property name="java.vm.specification.name" value="Java Virtual Machine Specification"/>
    <property name="user.dir" value="F:\Eclipse\SeleniumProject"/>
    <property name="java.vm.compressedOopsMode" value="32-bit"/>
    <property name="java.runtime.version" value="21+35-LTS-2513"/>
    <property name="os.arch" value="amd64"/>
    <property name="java.io.tmpdir" value="C:\Users\Dell\AppData\Local\Temp\"/>
    <property name="line.separator" value="&#10;"/>
    <property name="java.vm.specification.vendor" value="Oracle Corporation"/>
    <property name="user.variant" value=""/>
    <property name="stderr.encoding" value="cp437"/>
    <property name="os.name" value="Windows 10"/>
    <property name="classworlds.conf" value="C:\Automationsoftware\apache-maven-3.9.7-bin\apache-maven-3.9.7\bin\m2.conf"/>
    <property name="sun.jnu.encoding" value="Cp1252"/>
    <property name="stdout.encoding" value="cp437"/>
    <property name="java.library.path" value="C:\Program Files\Java\jdk-21\bin;C:\Windows\Sun\Java\bin;C:\Windows\system32;C:\Windows;C:\Program Files\Common Files\Oracle\Java\javapath;F:\oracle\product\10.2.0\db_1\bin;C:\Windows\system32;C:\Windows;C:\Windows\System32\Wbem;C:\Windows\System32\WindowsPowerShell\v1.0\;C:\Windows\System32\OpenSSH\;C:\Program Files (x86)\Intel\Intel(R) Management Engine Components\DAL;C:\Program Files\Intel\Intel(R) Management Engine Components\DAL;C:\Program Files (x86)\Windows Kits\8.1\Windows Performance Toolkit\;C:\Program Files\IBM\SPSS\Statistics\25\JRE\bin;C:\Program Files (x86)\dotnet\;C:\Program Files\Git\cmd;C:\Automationsoftware\apache-maven-3.9.7-bin\apache-maven-3.9.7\bin;C:\Program Files\Java\jdk-21\bin;C:\Software\apache-maven-3.9.8-bin\apache-maven-3.9.8\bin;C:\Users\Dell\AppData\Local\Microsoft\WindowsApps;."/>
    <property name="maven.conf" value="C:\Automationsoftware\apache-maven-3.9.7-bin\apache-maven-3.9.7/conf"/>
    <property name="jdk.debug" value="release"/>
    <property name="java.class.version" value="65.0"/>
    <property name="java.specification.name" value="Java Platform API Specification"/>
    <property name="sun.management.compiler" value="HotSpot 64-Bit Tiered Compilers"/>
    <property name="os.version" value="10.0"/>
    <property name="library.jansi.path" value="C:\Automationsoftware\apache-maven-3.9.7-bin\apache-maven-3.9.7\lib\jansi-native"/>
    <property name="user.home" value="C:\Users\Dell"/>
    <property name="user.timezone" value="Asia/Calcutta"/>
    <property name="file.encoding" value="UTF-8"/>
    <property name="java.specification.version" value="21"/>
    <property name="password" value="admin"/>
    <property name="username" value="admin"/>
    <property name="user.name" value="Dell"/>
    <property name="java.class.path" value="C:\Automationsoftware\apache-maven-3.9.7-bin\apache-maven-3.9.7\boot\plexus-classworlds-2.8.0.jar"/>
    <property name="java.vm.specification.version" value="21"/>
    <property name="sun.arch.data.model" value="64"/>
    <property name="sun.java.command" value="org.codehaus.plexus.classworlds.launcher.Launcher test -P RT -Durl=http://testenv.com -Dbrowser=firefox -Dusername=admin -Dpassword=admin"/>
    <property name="java.home" value="C:\Program Files\Java\jdk-21"/>
    <property name="user.language" value="en"/>
    <property name="java.specification.vendor" value="Oracle Corporation"/>
    <property name="java.vm.info" value="mixed mode, sharing"/>
    <property name="java.version" value="21"/>
    <property name="native.encoding" value="Cp1252"/>
    <property name="java.vendor" value="Oracle Corporation"/>
    <property name="maven.home" value="C:\Automationsoftware\apache-maven-3.9.7-bin\apache-maven-3.9.7"/>
    <property name="file.separator" value="\"/>
    <property name="java.version.date" value="2023-09-19"/>
    <property name="java.vendor.url.bug" value="https://bugreport.java.com/bugreport/"/>
    <property name="sun.io.unicode.encoding" value="UnicodeLittle"/>
    <property name="sun.cpu.endian" value="little"/>
    <property name="sun.cpu.isalist" value="amd64"/>
  </properties>
  <testcase name="createcontactTest" classname="Pack1.ContactTest" time="0.013"/>
  <testcase name="modifycontactTest" classname="Pack1.ContactTest" time="0"/>
  <testcase name="createorgTest" classname="Pack2.OrgTest" time="0.001"/>
  <testcase name="modifyorgTest" classname="Pack2.OrgTest" time="0.001"/>
</testsuite>