<?xml version="1.0" encoding="UTF-8"?>
<!-- Generated by org.testng.reporters.JUnitReportReporter -->
<testsuite hostname="DESKTOP-GC6KELD" failures="0" tests="2" name="Pack2.OrgTest" time="0.002" errors="0" timestamp="2024-07-23T12:37:55 IST" skipped="0">
  <testcase classname="Pack2.OrgTest" name="modifyorgTest" time="0.001"/>
  <system-out/>
  <testcase classname="Pack2.OrgTest" name="createorgTest" time="0.001"/>
  <system-out/>
</testsuite> <!-- Pack2.OrgTest -->
